<?xml version="1.0" encoding="UTF-8"?>
<testsuite name="Compra de articulos en la pagina de Saucedemo" tests="1" skipped="1" failures="0" errors="0" timestamp="2022-03-24T22:58:04" hostname="CHMEPF35EAXH" time="21.554">
  <properties/>
  <testcase name="Compra de articulos con el usuario estandar" classname="Compra de articulos en la pagina de Saucedemo" time="21.554">
    <skipped/>
  </testcase>
  <system-out><![CDATA[    ?[32mGiven ?[0m?[32mAutentico en saucedemo con usuario "?[0m?[32m?[1mstandard_user?[0m?[32m" y contraseña "?[0m?[32m?[1msecret_sauce?[0m?[32m"?[0m ?[90m# StepsDefinitions.autenticoEnSaucedemoConUsuarioYContraseña(String,String)?[0m
    ?[32mWhen ?[0m?[32mAgrego items al carrito de compras y hago click en ShoppingCart?[0m                 ?[90m# StepsDefinitions.agregoItemsAlCarritoDeComprasYHagoClickEnShoppingCart()?[0m
    ?[32mAnd ?[0m?[32mVerifico los productos y ingreso Nombre,  Apellido  y codigo postal?[0m              ?[90m# StepsDefinitions.verifico_los_productos_y_ingreso_Nombre_Apellido_y_codigo_postal(DataTable)?[0m
    ?[33mThen ?[0m?[33mVerifico que se pueda comprar el producto?[0m                                       ?[90m# StepsDefinitions.verificoQueSePuedaComprarElProducto()?[0m
      ?[33mcucumber.api.PendingException: TODO: implement me
	at definitions.StepsDefinitions.verificoQueSePuedaComprarElProducto(StepsDefinitions.java:68)
	at ?.Verifico que se pueda comprar el producto(src/test/resources/gherkin/saucedemo.feature:14)
?[0m
]]></system-out>
  <system-err><![CDATA[mar 24, 2022 5:58:05 PM org.openqa.selenium.remote.DesiredCapabilities chrome
INFORMACIÓN: Using `new ChromeOptions()` is preferred to `DesiredCapabilities.chrome()`
[Test worker] INFO net.serenitybdd.core.webdriver.driverproviders.ProvideNewDriver - Instantiating driver
[Test worker] INFO net.serenitybdd.core.webdriver.driverproviders.ProvideNewDriver - Driver capabilities: Capabilities {acceptInsecureCerts: false, acceptSslCerts: true, browserName: chrome, chrome.switches: --disable-extensions,--star..., goog:chromeOptions: {args: [--disable-extensions, --start-maximized, --test-type, --user-agent=New User Agent], extensions: [], prefs: {pdfjs.disabled: true, profile_default_content_settings.popups: 0}}, handlesAlerts: true, loggingPrefs: org.openqa.selenium.logging..., platform: ANY, version: }
Starting ChromeDriver 99.0.4844.51 (d537ec02474b5afe23684e7963d538896c63ac77-refs/branch-heads/4844@{#875}) on port 26533
Only local connections are allowed.
Please see https://chromedriver.chromium.org/security-considerations for suggestions on keeping ChromeDriver safe.
ChromeDriver was started successfully.
mar 24, 2022 5:58:08 PM org.openqa.selenium.remote.ProtocolHandshake createSession
INFORMACIÓN: Detected dialect: W3C
[Test worker] INFO net.thucydides.core.steps.ConsoleLoggingListener - TEST PENDING
[Test worker] INFO net.thucydides.core.steps.ConsoleLoggingListener - 
          __  _____ _____ ____ _____   ____  _____ _   _ ____ ___ _   _  ____ 
 _       / / |_   _| ____/ ___|_   _| |  _ \| ____| \ | |  _ \_ _| \ | |/ ___|
(_)____ / /    | | |  _| \___ \ | |   | |_) |  _| |  \| | | | | ||  \| | |  _ 
 |_____/ /     | | | |___ ___) || |   |  __/| |___| |\  | |_| | || |\  | |_| |
(_)   /_/      |_| |_____|____/ |_|   |_|   |_____|_| \_|____/___|_| \_|\____|
                                                                                

TEST PENDING: Compra de articulos con el usuario estandar
---------------------------------------------------------------------------------
]]></system-err>
</testsuite>
