<?xml version="1.0" encoding="UTF-8"?>
<testsuite name="Compra de articulos en la pagina de Saucedemo" tests="1" skipped="1" failures="0" errors="0" timestamp="2022-03-24T16:46:34" hostname="CHMEPF35EAXH" time="9.1">
  <properties/>
  <testcase name="Compra de articulos con el usuario estandar" classname="Compra de articulos en la pagina de Saucedemo" time="9.1">
    <skipped/>
  </testcase>
  <system-out><![CDATA[    ?[33mGiven ?[0m?[33mAutentico en saucedemo con usuario "?[0m?[33m?[1mstandard_user?[0m?[33m" y contraseña "?[0m?[33m?[1msecret_sauce?[0m?[33m"?[0m ?[90m# StepsDefinitions.autenticoEnSaucedemoConUsuarioYContraseña(String,String)?[0m
      ?[33mcucumber.api.PendingException: TODO: implement me
	at definitions.StepsDefinitions.autenticoEnSaucedemoConUsuarioYContraseña(StepsDefinitions.java:20)
	at ?.Autentico en saucedemo con usuario "standard_user" y contraseña "secret_sauce"(src/test/resources/gherkin/saucedemo.feature:9)
?[0m
]]></system-out>
  <system-err><![CDATA[mar 24, 2022 11:46:35 AM org.openqa.selenium.remote.DesiredCapabilities chrome
INFORMACIÓN: Using `new ChromeOptions()` is preferred to `DesiredCapabilities.chrome()`
[Test worker] INFO net.serenitybdd.core.webdriver.driverproviders.ProvideNewDriver - Instantiating driver
[Test worker] INFO net.serenitybdd.core.webdriver.driverproviders.ProvideNewDriver - Driver capabilities: Capabilities {acceptInsecureCerts: false, acceptSslCerts: true, browserName: chrome, chrome.switches: --disable-extensions,--star..., goog:chromeOptions: {args: [--disable-extensions, --start-maximized, --test-type, --user-agent=New User Agent], extensions: [], prefs: {pdfjs.disabled: true, profile_default_content_settings.popups: 0}}, handlesAlerts: true, loggingPrefs: org.openqa.selenium.logging..., platform: ANY, version: }
Starting ChromeDriver 99.0.4844.51 (d537ec02474b5afe23684e7963d538896c63ac77-refs/branch-heads/4844@{#875}) on port 10180
Only local connections are allowed.
Please see https://chromedriver.chromium.org/security-considerations for suggestions on keeping ChromeDriver safe.
ChromeDriver was started successfully.
mar 24, 2022 11:46:38 AM org.openqa.selenium.remote.ProtocolHandshake createSession
INFORMACIÓN: Detected dialect: W3C
[Test worker] INFO net.thucydides.core.steps.ConsoleLoggingListener - TEST PENDING
[Test worker] INFO net.thucydides.core.steps.ConsoleLoggingListener - TEST PENDING
[Test worker] INFO net.thucydides.core.steps.ConsoleLoggingListener - 
          __  _____ _____ ____ _____   ____  _____ _   _ ____ ___ _   _  ____ 
 _       / / |_   _| ____/ ___|_   _| |  _ \| ____| \ | |  _ \_ _| \ | |/ ___|
(_)____ / /    | | |  _| \___ \ | |   | |_) |  _| |  \| | | | | ||  \| | |  _ 
 |_____/ /     | | | |___ ___) || |   |  __/| |___| |\  | |_| | || |\  | |_| |
(_)   /_/      |_| |_____|____/ |_|   |_|   |_____|_| \_|____/___|_| \_|\____|
                                                                                

TEST PENDING: Compra de articulos con el usuario estandar
---------------------------------------------------------------------------------
]]></system-err>
</testsuite>
